<?xml version="1.0" encoding="UTF-8"?>
<!-- Generated by org.testng.reporters.JUnitXMLReporter -->
<testsuite ignored="0" hostname="LAPTOP-O53IEP09" failures="0" tests="3" name="Default test" time="23.202" errors="0" timestamp="2024-04-23T12:12:06 IST">
  <testcase classname="testCases.LogInPageTest" name="LoginToApplicationTest" time="1.935"/>
  <testcase classname="testCases.LogInPageTest" name="verifyTitleOfApplicationTest" time="0.083"/>
  <testcase classname="testCases.LogInPageTest" name="verifyURLofApplicationTest" time="0.011"/>
</testsuite> <!-- Default test -->
