<?xml version="1.0" encoding="UTF-8"?>
<!-- Generated by org.testng.reporters.JUnitXMLReporter -->
<testsuite ignored="0" hostname="LAPTOP-O53IEP09" failures="0" tests="6" name="Login_InventTest" time="40.362" errors="0" timestamp="2024-04-21T18:16:09 IST">
  <testcase classname="testCases.LogInPageTest" name="LoginToApplicationTest" time="1.804"/>
  <testcase classname="testCases.LogInPageTest" name="verifyTitleOfApplicationTest" time="0.083"/>
  <testcase classname="testCases.Inventory_Page_Test" name="add6Products" time="0.637"/>
  <testcase classname="testCases.Inventory_Page_Test" name="remove6Products" time="0.89"/>
  <testcase classname="testCases.Inventory_Page_Test" name="verifyPageTitleTest" time="0.048"/>
  <testcase classname="testCases.Inventory_Page_Test" name="verifyTwitterLogo" time="0.066"/>
</testsuite> <!-- Login_InventTest -->
