<?xml version="1.0" encoding="UTF-8"?>
<!-- Generated by org.testng.reporters.JUnitXMLReporter -->
<testsuite ignored="4" hostname="LAPTOP-O53IEP09" failures="0" tests="5" name="GroupTest" time="30.922" errors="0" timestamp="2024-04-22T19:00:08 IST">
  <testcase classname="testCases.LogInPageTest" name="LoginToApplicationTest" time="1.628"/>
  <testcase classname="testCases.LogInPageTest" name="verifyURLofApplicationTest" time="0.028"/>
  <testcase classname="testCases.Inventory_Page_Test" name="verifyTwitterLogo" time="0.063"/>
  <testcase classname="testCases.Inventory_Page_Test" name="remove6Products" time="1.029"/>
  <testcase classname="testCases.Inventory_Page_Test" name="add6Products" time="0.759"/>
  <testcase classname="testCases.LogInPageTest" name="verifyTitleOfApplicationTest" time="0.0">
    <ignored/>
  </testcase> <!-- verifyTitleOfApplicationTest -->
  <testcase classname="testCases.Inventory_Page_Test" name="verifyPageTitleTest" time="0.0">
    <ignored/>
  </testcase> <!-- verifyPageTitleTest -->
  <testcase classname="testCases.CheckOutPage1Test" name="inputInfoTest" time="0.0">
    <ignored/>
  </testcase> <!-- inputInfoTest -->
  <testcase classname="testCases.CartPageTest" name="verifyCartPageURLTest" time="0.0">
    <ignored/>
  </testcase> <!-- verifyCartPageURLTest -->
</testsuite> <!-- GroupTest -->
