<?xml version="1.0" encoding="UTF-8"?>
<!-- Generated by org.testng.reporters.JUnitXMLReporter -->
<testsuite ignored="0" hostname="LAPTOP-O53IEP09" failures="0" tests="7" name="LoginInventCartTest" time="37.396" errors="0" timestamp="2024-04-21T19:12:08 IST">
  <testcase classname="testCases.LogInPageTest" name="LoginToApplicationTest" time="1.5"/>
  <testcase classname="testCases.LogInPageTest" name="verifyTitleOfApplicationTest" time="0.059"/>
  <testcase classname="testCases.CartPageTest" name="verifyCartPageURLTest" time="0.0"/>
  <testcase classname="testCases.Inventory_Page_Test" name="add6Products" time="0.582"/>
  <testcase classname="testCases.Inventory_Page_Test" name="remove6Products" time="0.775"/>
  <testcase classname="testCases.Inventory_Page_Test" name="verifyPageTitleTest" time="0.042"/>
  <testcase classname="testCases.Inventory_Page_Test" name="verifyTwitterLogo" time="0.061"/>
</testsuite> <!-- LoginInventCartTest -->
